Found cached dataset xnli (/home/lcur1101/.cache/huggingface/datasets/xnli/en/1.1.0/818164464f9c9fd15776ca8a00423b074344c3e929d00a2c1a84aa5a50c928bd)
Loading model bigscience/bloom-560m
Model bigscience/bloom-560m loaded
Moving model to cuda
Loading NLI dataset for en
  0%|          | 0/3 [00:00<?, ?it/s]100%|██████████| 3/3 [00:00<00:00, 85.87it/s]
NLI dataset loaded
len dataset  4
Batch: 0 , batch size: 2, sample_size: 4
{'input_ids': [18260], 'attention_mask': [1]}
{'input_ids': [1936], 'attention_mask': [1]}
{'input_ids': [137111], 'attention_mask': [1]}
pred_answer ['maybe', 'yes']
pred_answer ['maybe', 'yes'] , label: ('yes', 'yes')
Batch: 1 , batch size: 2, sample_size: 4
{'input_ids': [18260], 'attention_mask': [1]}
{'input_ids': [1936], 'attention_mask': [1]}
{'input_ids': [137111], 'attention_mask': [1]}
pred_answer ['yes', 'no']
pred_answer ['yes', 'no'] , label: ('maybe', 'maybe')
acc:  0.25
