Collecting transformers
  Downloading transformers-4.28.1-py3-none-any.whl (7.0 MB)
     ━━━━━━━━━━━━━━━━━━━━━━━━━━━━━━━━━━━━━━━━ 7.0/7.0 MB 96.7 MB/s eta 0:00:00
Requirement already satisfied: packaging>=20.0 in ./.conda/envs/dl2022/lib/python3.10/site-packages (from transformers) (23.1)
Collecting huggingface-hub<1.0,>=0.11.0
  Downloading huggingface_hub-0.14.1-py3-none-any.whl (224 kB)
     ━━━━━━━━━━━━━━━━━━━━━━━━━━━━━━━━━━━━━━ 224.5/224.5 kB 36.6 MB/s eta 0:00:00
Requirement already satisfied: numpy>=1.17 in ./.conda/envs/dl2022/lib/python3.10/site-packages (from transformers) (1.23.5)
Requirement already satisfied: regex!=2019.12.17 in ./.conda/envs/dl2022/lib/python3.10/site-packages (from transformers) (2022.7.9)
Collecting filelock
  Downloading filelock-3.12.0-py3-none-any.whl (10 kB)
Requirement already satisfied: requests in ./.conda/envs/dl2022/lib/python3.10/site-packages (from transformers) (2.28.2)
Requirement already satisfied: pyyaml>=5.1 in ./.conda/envs/dl2022/lib/python3.10/site-packages (from transformers) (6.0)
Collecting tokenizers!=0.11.3,<0.14,>=0.11.1
  Downloading tokenizers-0.13.3-cp310-cp310-manylinux_2_17_x86_64.manylinux2014_x86_64.whl (7.8 MB)
     ━━━━━━━━━━━━━━━━━━━━━━━━━━━━━━━━━━━━━━━━ 7.8/7.8 MB 115.6 MB/s eta 0:00:00
Requirement already satisfied: tqdm>=4.27 in ./.conda/envs/dl2022/lib/python3.10/site-packages (from transformers) (4.65.0)
Requirement already satisfied: fsspec in ./.conda/envs/dl2022/lib/python3.10/site-packages (from huggingface-hub<1.0,>=0.11.0->transformers) (2023.4.0)
Requirement already satisfied: typing-extensions>=3.7.4.3 in ./.conda/envs/dl2022/lib/python3.10/site-packages (from huggingface-hub<1.0,>=0.11.0->transformers) (4.5.0)
Requirement already satisfied: urllib3<1.27,>=1.21.1 in ./.conda/envs/dl2022/lib/python3.10/site-packages (from requests->transformers) (1.26.15)
Requirement already satisfied: certifi>=2017.4.17 in ./.conda/envs/dl2022/lib/python3.10/site-packages (from requests->transformers) (2022.12.7)
Requirement already satisfied: idna<4,>=2.5 in ./.conda/envs/dl2022/lib/python3.10/site-packages (from requests->transformers) (3.4)
Requirement already satisfied: charset-normalizer<4,>=2 in ./.conda/envs/dl2022/lib/python3.10/site-packages (from requests->transformers) (3.1.0)
Installing collected packages: tokenizers, filelock, huggingface-hub, transformers
Successfully installed filelock-3.12.0 huggingface-hub-0.14.1 tokenizers-0.13.3 transformers-4.28.1
