Collecting datasets
  Downloading datasets-2.12.0-py3-none-any.whl (474 kB)
     ━━━━━━━━━━━━━━━━━━━━━━━━━━━━━━━━━━━━━━ 474.6/474.6 kB 24.5 MB/s eta 0:00:00
Requirement already satisfied: requests>=2.19.0 in ./.conda/envs/dl2022/lib/python3.10/site-packages (from datasets) (2.28.2)
Collecting xxhash
  Downloading xxhash-3.2.0-cp310-cp310-manylinux_2_17_x86_64.manylinux2014_x86_64.whl (212 kB)
     ━━━━━━━━━━━━━━━━━━━━━━━━━━━━━━━━━━━━━━ 212.5/212.5 kB 23.3 MB/s eta 0:00:00
Requirement already satisfied: packaging in ./.conda/envs/dl2022/lib/python3.10/site-packages (from datasets) (23.1)
Requirement already satisfied: tqdm>=4.62.1 in ./.conda/envs/dl2022/lib/python3.10/site-packages (from datasets) (4.65.0)
Collecting dill<0.3.7,>=0.3.0
  Downloading dill-0.3.6-py3-none-any.whl (110 kB)
     ━━━━━━━━━━━━━━━━━━━━━━━━━━━━━━━━━━━━━━ 110.5/110.5 kB 15.7 MB/s eta 0:00:00
Requirement already satisfied: huggingface-hub<1.0.0,>=0.11.0 in ./.conda/envs/dl2022/lib/python3.10/site-packages (from datasets) (0.14.1)
Collecting pyarrow>=8.0.0
  Downloading pyarrow-12.0.0-cp310-cp310-manylinux_2_17_x86_64.manylinux2014_x86_64.whl (38.9 MB)
     ━━━━━━━━━━━━━━━━━━━━━━━━━━━━━━━━━━━━━━━━ 38.9/38.9 MB 62.0 MB/s eta 0:00:00
Requirement already satisfied: pyyaml>=5.1 in ./.conda/envs/dl2022/lib/python3.10/site-packages (from datasets) (6.0)
Requirement already satisfied: fsspec[http]>=2021.11.1 in ./.conda/envs/dl2022/lib/python3.10/site-packages (from datasets) (2023.4.0)
Collecting responses<0.19
  Downloading responses-0.18.0-py3-none-any.whl (38 kB)
Requirement already satisfied: pandas in ./.conda/envs/dl2022/lib/python3.10/site-packages (from datasets) (2.0.0)
Requirement already satisfied: numpy>=1.17 in ./.conda/envs/dl2022/lib/python3.10/site-packages (from datasets) (1.23.5)
Collecting multiprocess
  Downloading multiprocess-0.70.14-py310-none-any.whl (134 kB)
     ━━━━━━━━━━━━━━━━━━━━━━━━━━━━━━━━━━━━━━━ 134.3/134.3 kB 2.9 MB/s eta 0:00:00
Requirement already satisfied: aiohttp in ./.conda/envs/dl2022/lib/python3.10/site-packages (from datasets) (3.8.4)
Requirement already satisfied: charset-normalizer<4.0,>=2.0 in ./.conda/envs/dl2022/lib/python3.10/site-packages (from aiohttp->datasets) (3.1.0)
Requirement already satisfied: frozenlist>=1.1.1 in ./.conda/envs/dl2022/lib/python3.10/site-packages (from aiohttp->datasets) (1.3.3)
Requirement already satisfied: multidict<7.0,>=4.5 in ./.conda/envs/dl2022/lib/python3.10/site-packages (from aiohttp->datasets) (6.0.4)
Requirement already satisfied: attrs>=17.3.0 in ./.conda/envs/dl2022/lib/python3.10/site-packages (from aiohttp->datasets) (22.2.0)
Requirement already satisfied: async-timeout<5.0,>=4.0.0a3 in ./.conda/envs/dl2022/lib/python3.10/site-packages (from aiohttp->datasets) (4.0.2)
Requirement already satisfied: yarl<2.0,>=1.0 in ./.conda/envs/dl2022/lib/python3.10/site-packages (from aiohttp->datasets) (1.8.2)
Requirement already satisfied: aiosignal>=1.1.2 in ./.conda/envs/dl2022/lib/python3.10/site-packages (from aiohttp->datasets) (1.3.1)
Requirement already satisfied: typing-extensions>=3.7.4.3 in ./.conda/envs/dl2022/lib/python3.10/site-packages (from huggingface-hub<1.0.0,>=0.11.0->datasets) (4.5.0)
Requirement already satisfied: filelock in ./.conda/envs/dl2022/lib/python3.10/site-packages (from huggingface-hub<1.0.0,>=0.11.0->datasets) (3.12.0)
Requirement already satisfied: certifi>=2017.4.17 in ./.conda/envs/dl2022/lib/python3.10/site-packages (from requests>=2.19.0->datasets) (2022.12.7)
Requirement already satisfied: idna<4,>=2.5 in ./.conda/envs/dl2022/lib/python3.10/site-packages (from requests>=2.19.0->datasets) (3.4)
Requirement already satisfied: urllib3<1.27,>=1.21.1 in ./.conda/envs/dl2022/lib/python3.10/site-packages (from requests>=2.19.0->datasets) (1.26.15)
Requirement already satisfied: tzdata>=2022.1 in ./.conda/envs/dl2022/lib/python3.10/site-packages (from pandas->datasets) (2023.3)
Requirement already satisfied: pytz>=2020.1 in ./.conda/envs/dl2022/lib/python3.10/site-packages (from pandas->datasets) (2023.3)
Requirement already satisfied: python-dateutil>=2.8.2 in ./.conda/envs/dl2022/lib/python3.10/site-packages (from pandas->datasets) (2.8.2)
Requirement already satisfied: six>=1.5 in ./.conda/envs/dl2022/lib/python3.10/site-packages (from python-dateutil>=2.8.2->pandas->datasets) (1.16.0)
Installing collected packages: xxhash, pyarrow, dill, responses, multiprocess, datasets
Successfully installed datasets-2.12.0 dill-0.3.6 multiprocess-0.70.14 pyarrow-12.0.0 responses-0.18.0 xxhash-3.2.0
