Found cached dataset xnli (/home/lcur1101/.cache/huggingface/datasets/xnli/de/1.1.0/818164464f9c9fd15776ca8a00423b074344c3e929d00a2c1a84aa5a50c928bd)
****Start Time: 2023-05-20_23-22-41
Loading model bigscience/bloom-560m
Model bigscience/bloom-560m loaded
Available device is cuda
Model device: cuda:0
----------- 42 de bigscience/bloom-560m NLI active 0 50 16 --------------
Loading NLI dataset for de
  0%|          | 0/3 [00:00<?, ?it/s] 33%|███▎      | 1/3 [00:00<00:00,  6.76it/s]100%|██████████| 3/3 [00:00<00:00, 19.26it/s]
/home/lcur1101/ATCS_group3/src/models/model.py:88: UserWarning: Implicit dimension choice for softmax has been deprecated. Change the call to include dim=X as an argument.
  logits = torch.nn.functional.softmax(logits)
Found cached dataset xnli (/home/lcur1101/.cache/huggingface/datasets/xnli/de/1.1.0/818164464f9c9fd15776ca8a00423b074344c3e929d00a2c1a84aa5a50c928bd)
NLI dataset loaded
len of entail_examples , neutral_examples, contra_examples:  16 16 16
len dataset  48
Batch: 0 , batch size: 16, sample_size: 50
answer  {'input_ids': [1650], 'attention_mask': [1]}
answer  {'input_ids': [951, 265], 'attention_mask': [1, 1]}
id: [951, 265] -> [951]
answer  {'input_ids': [89, 25898, 18508], 'attention_mask': [1, 1, 1]}
id: [89, 25898, 18508] -> [89]
Batch: 1 , batch size: 16, sample_size: 50
answer  {'input_ids': [1650], 'attention_mask': [1]}
answer  {'input_ids': [951, 265], 'attention_mask': [1, 1]}
id: [951, 265] -> [951]
answer  {'input_ids': [89, 25898, 18508], 'attention_mask': [1, 1, 1]}
id: [89, 25898, 18508] -> [89]
Batch: 2 , batch size: 16, sample_size: 50
answer  {'input_ids': [1650], 'attention_mask': [1]}
answer  {'input_ids': [951, 265], 'attention_mask': [1, 1]}
id: [951, 265] -> [951]
answer  {'input_ids': [89, 25898, 18508], 'attention_mask': [1, 1, 1]}
id: [89, 25898, 18508] -> [89]
acc:  0.3333333333333333
Time taken to execute the de NLI task with prompt type active, variation 0 and batchsize 16: 0:02:47.582635
path ['42', 'de', 'bloom', 'NLI', 'active', 'prompt_id_0']
----------- 42 de bigscience/bloom-560m NLI active 1 50 16 --------------
Loading NLI dataset for de
  0%|          | 0/3 [00:00<?, ?it/s]100%|██████████| 3/3 [00:00<00:00, 306.19it/s]
Found cached dataset xnli (/home/lcur1101/.cache/huggingface/datasets/xnli/de/1.1.0/818164464f9c9fd15776ca8a00423b074344c3e929d00a2c1a84aa5a50c928bd)
NLI dataset loaded
len of entail_examples , neutral_examples, contra_examples:  16 16 16
len dataset  48
Batch: 0 , batch size: 16, sample_size: 50
answer  {'input_ids': [1650], 'attention_mask': [1]}
answer  {'input_ids': [951, 265], 'attention_mask': [1, 1]}
id: [951, 265] -> [951]
answer  {'input_ids': [89, 25898, 18508], 'attention_mask': [1, 1, 1]}
id: [89, 25898, 18508] -> [89]
Batch: 1 , batch size: 16, sample_size: 50
answer  {'input_ids': [1650], 'attention_mask': [1]}
answer  {'input_ids': [951, 265], 'attention_mask': [1, 1]}
id: [951, 265] -> [951]
answer  {'input_ids': [89, 25898, 18508], 'attention_mask': [1, 1, 1]}
id: [89, 25898, 18508] -> [89]
Batch: 2 , batch size: 16, sample_size: 50
answer  {'input_ids': [1650], 'attention_mask': [1]}
answer  {'input_ids': [951, 265], 'attention_mask': [1, 1]}
id: [951, 265] -> [951]
answer  {'input_ids': [89, 25898, 18508], 'attention_mask': [1, 1, 1]}
id: [89, 25898, 18508] -> [89]
acc:  0.25
Time taken to execute the de NLI task with prompt type active, variation 1 and batchsize 16: 0:03:05.915060
path ['42', 'de', 'bloom', 'NLI', 'active', 'prompt_id_1']
----------- 42 de bigscience/bloom-560m NLI active 2 50 16 --------------
Loading NLI dataset for de
  0%|          | 0/3 [00:00<?, ?it/s]100%|██████████| 3/3 [00:00<00:00, 325.23it/s]
