Found cached dataset amazon_reviews_multi (/home/lcur1101/.cache/huggingface/datasets/amazon_reviews_multi/en/1.0.0/724e94f4b0c6c405ce7e476a6c5ef4f87db30799ad49f765094cf9770e0f7609)
----------- bloom SA --------------
Loading model bigscience/bloom-560m
Model bigscience/bloom-560m loaded
Moving model to cuda
Loading MARC dataset for en
  0%|          | 0/3 [00:00<?, ?it/s]100%|██████████| 3/3 [00:00<00:00, 343.52it/s]
MARC dataset loaded
len dataset  100
Batch: 0 , batch size: 16, sample_size: 100
{'input_ids': [18260], 'attention_mask': [1]}
{'input_ids': [1936], 'attention_mask': [1]}
pred_answer ['yes', 'yes', 'yes', 'yes', 'yes', 'yes', 'yes', 'yes', 'yes', 'yes', 'yes', 'yes', 'yes', 'yes', 'yes', 'yes']
pred_answer ['yes', 'yes', 'yes', 'yes', 'yes', 'yes', 'yes', 'yes', 'yes', 'yes', 'yes', 'yes', 'yes', 'yes', 'yes', 'yes'] , label: ('yes', 'yes', 'yes', 'yes', 'no', 'no', 'no', 'no', 'no', 'yes', 'yes', 'yes', 'yes', 'no', 'no', 'no')
Batch: 1 , batch size: 16, sample_size: 100
{'input_ids': [18260], 'attention_mask': [1]}
{'input_ids': [1936], 'attention_mask': [1]}
pred_answer ['yes', 'yes', 'yes', 'yes', 'yes', 'yes', 'yes', 'yes', 'yes', 'yes', 'yes', 'yes', 'yes', 'yes', 'yes', 'yes']
pred_answer ['yes', 'yes', 'yes', 'yes', 'yes', 'yes', 'yes', 'yes', 'yes', 'yes', 'yes', 'yes', 'yes', 'yes', 'yes', 'yes'] , label: ('yes', 'yes', 'yes', 'yes', 'yes', 'no', 'yes', 'no', 'yes', 'no', 'yes', 'yes', 'no', 'yes', 'no', 'yes')
Batch: 2 , batch size: 16, sample_size: 100
{'input_ids': [18260], 'attention_mask': [1]}
{'input_ids': [1936], 'attention_mask': [1]}
pred_answer ['yes', 'yes', 'yes', 'yes', 'yes', 'yes', 'yes', 'yes', 'yes', 'yes', 'yes', 'yes', 'yes', 'yes', 'yes', 'yes']
pred_answer ['yes', 'yes', 'yes', 'yes', 'yes', 'yes', 'yes', 'yes', 'yes', 'yes', 'yes', 'yes', 'yes', 'yes', 'yes', 'yes'] , label: ('yes', 'no', 'yes', 'no', 'yes', 'yes', 'yes', 'yes', 'yes', 'no', 'yes', 'no', 'no', 'no', 'no', 'no')
Batch: 3 , batch size: 16, sample_size: 100
{'input_ids': [18260], 'attention_mask': [1]}
{'input_ids': [1936], 'attention_mask': [1]}
pred_answer ['yes', 'yes', 'yes', 'yes', 'yes', 'yes', 'yes', 'yes', 'yes', 'yes', 'yes', 'yes', 'yes', 'yes', 'yes', 'yes']
pred_answer ['yes', 'yes', 'yes', 'yes', 'yes', 'yes', 'yes', 'yes', 'yes', 'yes', 'yes', 'yes', 'yes', 'yes', 'yes', 'yes'] , label: ('no', 'no', 'yes', 'yes', 'no', 'no', 'yes', 'no', 'yes', 'no', 'no', 'yes', 'yes', 'yes', 'yes', 'no')
Batch: 4 , batch size: 16, sample_size: 100
{'input_ids': [18260], 'attention_mask': [1]}
{'input_ids': [1936], 'attention_mask': [1]}
pred_answer ['yes', 'yes', 'yes', 'yes', 'yes', 'yes', 'yes', 'yes', 'yes', 'yes', 'yes', 'yes', 'yes', 'yes', 'yes', 'yes']
pred_answer ['yes', 'yes', 'yes', 'yes', 'yes', 'yes', 'yes', 'yes', 'yes', 'yes', 'yes', 'yes', 'yes', 'yes', 'yes', 'yes'] , label: ('yes', 'yes', 'yes', 'no', 'no', 'no', 'no', 'no', 'no', 'no', 'yes', 'yes', 'yes', 'no', 'yes', 'yes')
Batch: 5 , batch size: 16, sample_size: 100
{'input_ids': [18260], 'attention_mask': [1]}
{'input_ids': [1936], 'attention_mask': [1]}
pred_answer ['yes', 'yes', 'yes', 'yes', 'yes', 'yes', 'yes', 'yes', 'yes', 'yes', 'yes', 'yes', 'yes', 'yes', 'yes', 'yes']
pred_answer ['yes', 'yes', 'yes', 'yes', 'yes', 'yes', 'yes', 'yes', 'yes', 'yes', 'yes', 'yes', 'yes', 'yes', 'yes', 'yes'] , label: ('no', 'yes', 'yes', 'yes', 'yes', 'no', 'yes', 'no', 'no', 'yes', 'yes', 'no', 'no', 'no', 'no', 'no')
Batch: 6 , batch size: 16, sample_size: 100
{'input_ids': [18260], 'attention_mask': [1]}
{'input_ids': [1936], 'attention_mask': [1]}
pred_answer ['yes', 'yes', 'yes', 'yes']
pred_answer ['yes', 'yes', 'yes', 'yes'] , label: ('yes', 'yes', 'yes', 'yes')
acc:  0.54
