Found cached dataset amazon_reviews_multi (/home/lcur1101/.cache/huggingface/datasets/amazon_reviews_multi/en/1.0.0/724e94f4b0c6c405ce7e476a6c5ef4f87db30799ad49f765094cf9770e0f7609)
****Start Time: 2023-05-28_09-34-37
Using MARC dataset for en
  0%|          | 0/3 [00:00<?, ?it/s]100%|██████████| 3/3 [00:00<00:00, 29.39it/s]100%|██████████| 3/3 [00:00<00:00, 29.33it/s]
Found cached dataset xnli (/home/lcur1101/.cache/huggingface/datasets/xnli/en/1.1.0/818164464f9c9fd15776ca8a00423b074344c3e929d00a2c1a84aa5a50c928bd)
loading model Duration: 0:00:02.585317
Average length of review_body for rows with 1 star: 170.985525
Average length of review_body for rows with 5 star: 151.0092
len of lowest cat:  38553
len of pos_reviews, neg_reviews:  38553 38553
len dataset  77106
len dataset  210
path: enSAactive
prompt_type active has 10 prompts in it
21
Review: Look great, work great! 
 Is this review positive? 
 Answer: yes
 
Review: {content} 
 Is this review positive? 
 Answer:
42
63
84
105
126
147
168
189
210
path: enSApassive
prompt_type passive has 10 prompts in it
21
42
63
84
105
126
147
168
189
210
path: enSAauxiliary
prompt_type auxiliary has 10 prompts in it
21
42
63
84
105
126
147
168
189
210
path: enSAmodal
prompt_type modal has 10 prompts in it
21
42
63
84
105
126
147
168
189
210
path: enSAcommon
prompt_type common has 7 prompts in it
21
42
63
84
105
126
147
path: enSArare_synonyms
prompt_type rare_synonyms has 7 prompts in it
21
42
63
84
105
126
147
path: enSAidentical_modal
prompt_type identical_modal has 10 prompts in it
21
42
63
84
105
126
147
168
189
210
Using NLI dataset for en
  0%|          | 0/3 [00:00<?, ?it/s] 33%|███▎      | 1/3 [00:00<00:00,  6.17it/s]100%|██████████| 3/3 [00:00<00:00, 17.67it/s]
Found cached dataset amazon_reviews_multi (/home/lcur1101/.cache/huggingface/datasets/amazon_reviews_multi/de/1.0.0/724e94f4b0c6c405ce7e476a6c5ef4f87db30799ad49f765094cf9770e0f7609)
loading model Duration: 0:00:01.218718
filter data Duraction: 0:00:00.000002
use_neutral is  True
len of entail_examples , neutral_examples, contra_examples:  70 70 70
len dataset  210
random sample Duraction: 0:02:46.168295
path: enNLIactive
prompt_type active has 10 prompts in it
21
Premise: I lusted for her but soon I loved her even more . 
 Take this premise as truth. Does this truth entail the following statement: I hated everything about her .? 
 Answer: no
 
Premise: {premise} 
 Take this premise as truth. Does this truth entail the following statement: {hypothesis}? 
 Answer:
42
63
84
105
126
147
168
189
210
path: enNLIpassive
prompt_type passive has 10 prompts in it
21
42
63
84
105
126
147
168
189
210
path: enNLIauxiliary
prompt_type auxiliary has 10 prompts in it
21
42
63
84
105
126
147
168
189
210
path: enNLImodal
prompt_type modal has 10 prompts in it
21
42
63
84
105
126
147
168
189
210
path: enNLIcommon
prompt_type common has 7 prompts in it
21
42
63
84
105
126
147
path: enNLIrare_synonyms
prompt_type rare_synonyms has 7 prompts in it
21
42
63
84
105
126
147
path: enNLIidentical_modal
prompt_type identical_modal has 10 prompts in it
21
42
63
84
105
126
147
168
189
210
Using MARC dataset for de
  0%|          | 0/3 [00:00<?, ?it/s] 33%|███▎      | 1/3 [00:00<00:00,  7.72it/s]100%|██████████| 3/3 [00:00<00:00, 21.55it/s]
Found cached dataset xnli (/home/lcur1101/.cache/huggingface/datasets/xnli/de/1.1.0/818164464f9c9fd15776ca8a00423b074344c3e929d00a2c1a84aa5a50c928bd)
loading model Duration: 0:00:01.219864
Average length of review_body for rows with 1 star: 199.5979
Average length of review_body for rows with 5 star: 177.19965
len of lowest cat:  38908
len of pos_reviews, neg_reviews:  38908 38908
len dataset  77816
len dataset  210
path: deSAactive
prompt_type active has 10 prompts in it
21
Bewertung: Ich bereue nicht dass ich es gekauft habe und hatte schon einiges im Einsatz. Kann es empfehlen. 
 Ist diese Bewertung positiv? 
 Antwort: ja
 
Bewertung: {content} 
 Ist diese Bewertung positiv? 
 Antwort:
42
63
84
105
126
147
168
189
210
path: deSApassive
prompt_type passive has 10 prompts in it
21
42
63
84
105
126
147
168
189
210
path: deSAauxiliary
prompt_type auxiliary has 10 prompts in it
21
42
63
84
105
126
147
168
189
210
path: deSAmodal
prompt_type modal has 10 prompts in it
21
42
63
84
105
126
147
168
189
210
path: deSAcommon
prompt_type common has 7 prompts in it
21
42
63
84
105
126
147
path: deSArare_synonyms
prompt_type rare_synonyms has 7 prompts in it
21
42
63
84
105
126
147
path: deSAidentical_modal
prompt_type identical_modal has 6 prompts in it
21
42
63
84
105
126
Using NLI dataset for de
  0%|          | 0/3 [00:00<?, ?it/s] 33%|███▎      | 1/3 [00:00<00:00,  6.59it/s]100%|██████████| 3/3 [00:00<00:00, 18.86it/s]
Found cached dataset amazon_reviews_multi (/home/lcur1101/.cache/huggingface/datasets/amazon_reviews_multi/fr/1.0.0/724e94f4b0c6c405ce7e476a6c5ef4f87db30799ad49f765094cf9770e0f7609)
loading model Duration: 0:00:01.356634
filter data Duraction: 0:00:00.000001
use_neutral is  True
len of entail_examples , neutral_examples, contra_examples:  70 70 70
len dataset  210
random sample Duraction: 0:02:40.451951
path: deNLIactive
prompt_type active has 10 prompts in it
21
Prämisse: Die ersten Soliden Verweise auf diese obskure Siedlung auf dem Kastilischen Plateau , bewacht von der sich abzeichnenden Guadarrama-Gebirge , erscheinen im 9 Jahrhundert . 
 Nehmen Sie diese Prämisse als Wahrheit an. Impliziert diese Wahrheit die folgende Aussage: Jahrhundert war das Gebiet leer , bis seine Inhabitation im 19 Jahrhundert begann .? 
 Antwort: nein
 
Prämisse: {premise} 
 Nehmen Sie diese Prämisse als Wahrheit an. Impliziert diese Wahrheit die folgende Aussage: {hypothesis}? 
 Antwort:
42
63
84
105
126
147
168
189
210
path: deNLIpassive
prompt_type passive has 10 prompts in it
21
42
63
84
105
126
147
168
189
210
path: deNLIauxiliary
prompt_type auxiliary has 10 prompts in it
21
42
63
84
105
126
147
168
189
210
path: deNLImodal
prompt_type modal has 10 prompts in it
21
42
63
84
105
126
147
168
189
210
path: deNLIcommon
prompt_type common has 7 prompts in it
21
42
63
84
105
126
147
path: deNLIrare_synonyms
prompt_type rare_synonyms has 7 prompts in it
21
42
63
84
105
126
147
path: deNLIidentical_modal
prompt_type identical_modal has 6 prompts in it
21
42
63
84
105
126
Using MARC dataset for fr
  0%|          | 0/3 [00:00<?, ?it/s] 33%|███▎      | 1/3 [00:00<00:00,  9.68it/s]100%|██████████| 3/3 [00:00<00:00, 26.48it/s]
Found cached dataset xnli (/home/lcur1101/.cache/huggingface/datasets/xnli/fr/1.1.0/818164464f9c9fd15776ca8a00423b074344c3e929d00a2c1a84aa5a50c928bd)
loading model Duration: 0:00:01.175764
Average length of review_body for rows with 1 star: 155.920675
Average length of review_body for rows with 5 star: 144.119575
len of lowest cat:  39333
len of pos_reviews, neg_reviews:  39333 39333
len dataset  78666
len dataset  210
path: frSAactive
prompt_type active has 10 prompts in it
21
Critique: Très pratique, bcp de place 
 Cette critique est-elle positive? 
 Reponse: oui
 
Critique: {content} 
 Cette critique est-elle positive? 
 Reponse:
42
63
84
105
126
147
168
189
210
path: frSApassive
prompt_type passive has 10 prompts in it
21
42
63
84
105
126
147
168
189
210
path: frSAauxiliary
prompt_type auxiliary has 10 prompts in it
21
42
63
84
105
126
147
168
189
210
path: frSAmodal
prompt_type modal has 10 prompts in it
21
42
63
84
105
126
147
168
189
210
path: frSAcommon
prompt_type common has 7 prompts in it
21
42
63
84
105
126
147
path: frSArare_synonyms
prompt_type rare_synonyms has 7 prompts in it
21
42
63
84
105
126
147
path: frSAidentical_modal
prompt_type identical_modal has 6 prompts in it
21
42
63
84
105
126
Using NLI dataset for fr
  0%|          | 0/3 [00:00<?, ?it/s] 33%|███▎      | 1/3 [00:00<00:00,  5.40it/s]100%|██████████| 3/3 [00:00<00:00, 15.61it/s]
loading model Duration: 0:00:01.437803
filter data Duraction: 0:00:00.000001
use_neutral is  True
len of entail_examples , neutral_examples, contra_examples:  70 70 70
len dataset  210
random sample Duraction: 0:02:40.046213
path: frNLIactive
prompt_type active has 10 prompts in it
21
Prémisse: Et elle était là-dedans elle est tombée malade et ils l' ont mise dans une maison de retraite parce que vous ne pouviez pas nous offrir une infirmière pour vous savez toute la journée infirmière 
 Prends cette prémisse comme vérité. Cette vérité implique-t-elle l'affirmation suivante: On n' avait pas assez d' argent pour payer une infirmière pour s' occuper d' elle toute la journée quand elle est tombée malade , alors ils l' ont mise dans une maison de retraite .? 
 Réponse: oui
 
Prémisse: {premise} 
 Prends cette prémisse comme vérité. Cette vérité implique-t-elle l'affirmation suivante: {hypothesis}? 
 Réponse:
42
63
84
105
126
147
168
189
210
path: frNLIpassive
prompt_type passive has 10 prompts in it
21
42
63
84
105
126
147
168
189
210
path: frNLIauxiliary
prompt_type auxiliary has 10 prompts in it
21
42
63
84
105
126
147
168
189
210
path: frNLImodal
prompt_type modal has 10 prompts in it
21
42
63
84
105
126
147
168
189
210
path: frNLIcommon
prompt_type common has 7 prompts in it
21
42
63
84
105
126
147
path: frNLIrare_synonyms
prompt_type rare_synonyms has 7 prompts in it
21
42
63
84
105
126
147
path: frNLIidentical_modal
prompt_type identical_modal has 5 prompts in it
21
42
63
84
105
****End Time: 2023-05-28 09:52:18.572056 Duration: 0:02:41.673759
