Requirement already satisfied: transformers in ./.conda/envs/dl2022/lib/python3.10/site-packages (4.28.1)
Requirement already satisfied: huggingface-hub<1.0,>=0.11.0 in ./.conda/envs/dl2022/lib/python3.10/site-packages (from transformers) (0.14.1)
Requirement already satisfied: tokenizers!=0.11.3,<0.14,>=0.11.1 in ./.conda/envs/dl2022/lib/python3.10/site-packages (from transformers) (0.13.3)
Requirement already satisfied: tqdm>=4.27 in ./.conda/envs/dl2022/lib/python3.10/site-packages (from transformers) (4.65.0)
Requirement already satisfied: filelock in ./.conda/envs/dl2022/lib/python3.10/site-packages (from transformers) (3.12.0)
Requirement already satisfied: pyyaml>=5.1 in ./.conda/envs/dl2022/lib/python3.10/site-packages (from transformers) (6.0)
Requirement already satisfied: packaging>=20.0 in ./.conda/envs/dl2022/lib/python3.10/site-packages (from transformers) (23.1)
Requirement already satisfied: numpy>=1.17 in ./.conda/envs/dl2022/lib/python3.10/site-packages (from transformers) (1.23.5)
Requirement already satisfied: requests in ./.conda/envs/dl2022/lib/python3.10/site-packages (from transformers) (2.28.2)
Requirement already satisfied: regex!=2019.12.17 in ./.conda/envs/dl2022/lib/python3.10/site-packages (from transformers) (2022.7.9)
Requirement already satisfied: typing-extensions>=3.7.4.3 in ./.conda/envs/dl2022/lib/python3.10/site-packages (from huggingface-hub<1.0,>=0.11.0->transformers) (4.5.0)
Requirement already satisfied: fsspec in ./.conda/envs/dl2022/lib/python3.10/site-packages (from huggingface-hub<1.0,>=0.11.0->transformers) (2023.4.0)
Requirement already satisfied: urllib3<1.27,>=1.21.1 in ./.conda/envs/dl2022/lib/python3.10/site-packages (from requests->transformers) (1.26.15)
Requirement already satisfied: certifi>=2017.4.17 in ./.conda/envs/dl2022/lib/python3.10/site-packages (from requests->transformers) (2022.12.7)
Requirement already satisfied: idna<4,>=2.5 in ./.conda/envs/dl2022/lib/python3.10/site-packages (from requests->transformers) (3.4)
Requirement already satisfied: charset-normalizer<4,>=2 in ./.conda/envs/dl2022/lib/python3.10/site-packages (from requests->transformers) (3.1.0)
Name: transformers
Version: 4.28.1
Summary: State-of-the-art Machine Learning for JAX, PyTorch and TensorFlow
Home-page: https://github.com/huggingface/transformers
Author: The Hugging Face team (past and future) with the help of all our contributors (https://github.com/huggingface/transformers/graphs/contributors)
Author-email: transformers@huggingface.co
License: Apache 2.0 License
Location: /home/lcur1101/.conda/envs/dl2022/lib/python3.10/site-packages
Requires: filelock, huggingface-hub, numpy, packaging, pyyaml, regex, requests, tokenizers, tqdm
Required-by: 
