Found cached dataset amazon_reviews_multi (/home/lcur1101/.cache/huggingface/datasets/amazon_reviews_multi/en/1.0.0/724e94f4b0c6c405ce7e476a6c5ef4f87db30799ad49f765094cf9770e0f7609)
****Start Time: 2023-05-27_01-08-17
Using MARC dataset for en
  0%|          | 0/3 [00:00<?, ?it/s]100%|██████████| 3/3 [00:00<00:00, 312.88it/s]
loading model Duration: 0:00:01.318722
Average length of review_body for rows with 1 star: 170.985525
Average length of review_body for rows with 5 star: 151.0092
len of lowest cat:  38553
len of pos_reviews, neg_reviews:  38553 38553
len dataset  77106
len dataset  200
create dataloader Duration: 0:03:09.508861
Loading model bigscience/bloom-560m
Model bigscience/bloom-560m loaded
Available device is cuda
Model device: cuda:0
answer  {'input_ids': [18260], 'attention_mask': [1]}
id:[18260]
answer  {'input_ids': [1936], 'attention_mask': [1]}
id:[1936]
load model Duration: 0:00:09.828365
Traceback (most recent call last):
  File "/home/lcur1101/ATCS_group3/src/main.py", line 184, in <module>
    pipeline(seed, lang, models, tasks, prompt_types,
  File "/home/lcur1101/ATCS_group3/src/main.py", line 135, in pipeline
    num_prompts = len(prompt_templates[lang][task][prompt_type])
KeyError: 'null'
srun: error: r35n1: task 0: Exited with exit code 1
